[2023-12-13T14:42:14.120+0000] {taskinstance.py:1159} INFO - Dependencies all met for dep_context=non-requeueable deps ti=<TaskInstance: crawl_and_store_csv.crawl_and_store_csv manual__2023-12-13T14:42:12.441522+00:00 [queued]>
[2023-12-13T14:42:14.126+0000] {taskinstance.py:1159} INFO - Dependencies all met for dep_context=requeueable deps ti=<TaskInstance: crawl_and_store_csv.crawl_and_store_csv manual__2023-12-13T14:42:12.441522+00:00 [queued]>
[2023-12-13T14:42:14.127+0000] {taskinstance.py:1361} INFO - Starting attempt 1 of 1
[2023-12-13T14:42:14.138+0000] {taskinstance.py:1382} INFO - Executing <Task(PythonOperator): crawl_and_store_csv> on 2023-12-13 14:42:12.441522+00:00
[2023-12-13T14:42:14.144+0000] {standard_task_runner.py:57} INFO - Started process 7569 to run task
[2023-12-13T14:42:14.147+0000] {standard_task_runner.py:84} INFO - Running: ['***', 'tasks', 'run', 'crawl_and_store_csv', 'crawl_and_store_csv', 'manual__2023-12-13T14:42:12.441522+00:00', '--job-id', '200', '--raw', '--subdir', 'DAGS_FOLDER/crawl_and_store_csv.py', '--cfg-path', '/tmp/tmp67j7d8nz']
[2023-12-13T14:42:14.150+0000] {standard_task_runner.py:85} INFO - Job 200: Subtask crawl_and_store_csv
[2023-12-13T14:42:14.186+0000] {task_command.py:416} INFO - Running <TaskInstance: crawl_and_store_csv.crawl_and_store_csv manual__2023-12-13T14:42:12.441522+00:00 [running]> on host 870c4047aa24
[2023-12-13T14:42:14.241+0000] {taskinstance.py:1662} INFO - Exporting env vars: AIRFLOW_CTX_DAG_OWNER='xin' AIRFLOW_CTX_DAG_ID='crawl_and_store_csv' AIRFLOW_CTX_TASK_ID='crawl_and_store_csv' AIRFLOW_CTX_EXECUTION_DATE='2023-12-13T14:42:12.441522+00:00' AIRFLOW_CTX_TRY_NUMBER='1' AIRFLOW_CTX_DAG_RUN_ID='manual__2023-12-13T14:42:12.441522+00:00'
[2023-12-13T14:42:14.462+0000] {taskinstance.py:1937} ERROR - Task failed with exception
Traceback (most recent call last):
  File "/home/airflow/.local/lib/python3.8/site-packages/airflow/operators/python.py", line 192, in execute
    return_value = self.execute_callable()
  File "/home/airflow/.local/lib/python3.8/site-packages/airflow/operators/python.py", line 209, in execute_callable
    return self.python_callable(*self.op_args, **self.op_kwargs)
  File "/opt/airflow/dags/crawl_and_store_csv.py", line 103, in crawl_and_store_to_csv
    if randint(1, 10)>8:
NameError: name 'randint' is not defined
[2023-12-13T14:42:14.475+0000] {taskinstance.py:1400} INFO - Marking task as FAILED. dag_id=crawl_and_store_csv, task_id=crawl_and_store_csv, execution_date=20231213T144212, start_date=20231213T144214, end_date=20231213T144214
[2023-12-13T14:42:14.485+0000] {standard_task_runner.py:104} ERROR - Failed to execute job 200 for task crawl_and_store_csv (name 'randint' is not defined; 7569)
[2023-12-13T14:42:14.521+0000] {local_task_job_runner.py:228} INFO - Task exited with return code 1
[2023-12-13T14:42:14.533+0000] {taskinstance.py:2778} INFO - 0 downstream tasks scheduled from follow-on schedule check
