[2023-12-19T17:15:27.250+0000] {taskinstance.py:1159} INFO - Dependencies all met for dep_context=non-requeueable deps ti=<TaskInstance: download_dashboard_automated_send_email.download_dashboard_automated_send_email scheduled__2023-12-18T17:15:13.761521+00:00 [queued]>
[2023-12-19T17:15:27.266+0000] {taskinstance.py:1159} INFO - Dependencies all met for dep_context=requeueable deps ti=<TaskInstance: download_dashboard_automated_send_email.download_dashboard_automated_send_email scheduled__2023-12-18T17:15:13.761521+00:00 [queued]>
[2023-12-19T17:15:27.266+0000] {taskinstance.py:1361} INFO - Starting attempt 1 of 1
[2023-12-19T17:15:27.283+0000] {taskinstance.py:1382} INFO - Executing <Task(PythonOperator): download_dashboard_automated_send_email> on 2023-12-18 17:15:13.761521+00:00
[2023-12-19T17:15:27.289+0000] {standard_task_runner.py:57} INFO - Started process 13307 to run task
[2023-12-19T17:15:27.292+0000] {standard_task_runner.py:84} INFO - Running: ['***', 'tasks', 'run', 'download_dashboard_automated_send_email', 'download_dashboard_automated_send_email', 'scheduled__2023-12-18T17:15:13.761521+00:00', '--job-id', '454', '--raw', '--subdir', 'DAGS_FOLDER/download_dashboard_automated_send_email.py', '--cfg-path', '/tmp/tmpse1y3adm']
[2023-12-19T17:15:27.293+0000] {standard_task_runner.py:85} INFO - Job 454: Subtask download_dashboard_automated_send_email
[2023-12-19T17:15:27.337+0000] {task_command.py:416} INFO - Running <TaskInstance: download_dashboard_automated_send_email.download_dashboard_automated_send_email scheduled__2023-12-18T17:15:13.761521+00:00 [running]> on host f97daee24bd9
[2023-12-19T17:15:27.407+0000] {taskinstance.py:1662} INFO - Exporting env vars: AIRFLOW_CTX_DAG_EMAIL='christinelee1114@gmail.com' AIRFLOW_CTX_DAG_OWNER='xin' AIRFLOW_CTX_DAG_ID='download_dashboard_automated_send_email' AIRFLOW_CTX_TASK_ID='download_dashboard_automated_send_email' AIRFLOW_CTX_EXECUTION_DATE='2023-12-18T17:15:13.761521+00:00' AIRFLOW_CTX_TRY_NUMBER='1' AIRFLOW_CTX_DAG_RUN_ID='scheduled__2023-12-18T17:15:13.761521+00:00'
[2023-12-19T17:16:03.909+0000] {taskinstance.py:1937} ERROR - Task failed with exception
Traceback (most recent call last):
  File "/home/airflow/.local/lib/python3.8/site-packages/airflow/operators/python.py", line 192, in execute
    return_value = self.execute_callable()
  File "/home/airflow/.local/lib/python3.8/site-packages/airflow/operators/python.py", line 209, in execute_callable
    return self.python_callable(*self.op_args, **self.op_kwargs)
  File "/opt/airflow/dags/download_dashboard_automated_send_email.py", line 58, in download_dashboard_automated_send_email
    driver = webdriver.Chrome(options=chrome_options)
  File "/home/airflow/.local/lib/python3.8/site-packages/selenium/webdriver/chrome/webdriver.py", line 45, in __init__
    super().__init__(
  File "/home/airflow/.local/lib/python3.8/site-packages/selenium/webdriver/chromium/webdriver.py", line 50, in __init__
    self.service.start()
  File "/home/airflow/.local/lib/python3.8/site-packages/selenium/webdriver/common/service.py", line 102, in start
    self.assert_process_still_running()
  File "/home/airflow/.local/lib/python3.8/site-packages/selenium/webdriver/common/service.py", line 115, in assert_process_still_running
    raise WebDriverException(f"Service {self._path} unexpectedly exited. Status code was: {return_code}")
selenium.common.exceptions.WebDriverException: Message: Service /home/airflow/.cache/selenium/chromedriver/linux64/120.0.6099.109/chromedriver unexpectedly exited. Status code was: 127

[2023-12-19T17:16:03.929+0000] {taskinstance.py:1400} INFO - Marking task as FAILED. dag_id=download_dashboard_automated_send_email, task_id=download_dashboard_automated_send_email, execution_date=20231218T171513, start_date=20231219T171527, end_date=20231219T171603
[2023-12-19T17:16:03.945+0000] {standard_task_runner.py:104} ERROR - Failed to execute job 454 for task download_dashboard_automated_send_email (Message: Service /home/airflow/.cache/selenium/chromedriver/linux64/120.0.6099.109/chromedriver unexpectedly exited. Status code was: 127
; 13307)
[2023-12-19T17:16:03.969+0000] {local_task_job_runner.py:228} INFO - Task exited with return code 1
[2023-12-19T17:16:03.983+0000] {taskinstance.py:2778} INFO - 0 downstream tasks scheduled from follow-on schedule check
