[2023-12-18T17:36:15.759+0000] {taskinstance.py:1159} INFO - Dependencies all met for dep_context=non-requeueable deps ti=<TaskInstance: download_dashboard_automated_send_email.download_dashboard_automated_send_email manual__2023-12-18T17:36:09.332407+00:00 [queued]>
[2023-12-18T17:36:15.767+0000] {taskinstance.py:1159} INFO - Dependencies all met for dep_context=requeueable deps ti=<TaskInstance: download_dashboard_automated_send_email.download_dashboard_automated_send_email manual__2023-12-18T17:36:09.332407+00:00 [queued]>
[2023-12-18T17:36:15.768+0000] {taskinstance.py:1361} INFO - Starting attempt 1 of 1
[2023-12-18T17:36:15.781+0000] {taskinstance.py:1382} INFO - Executing <Task(PythonOperator): download_dashboard_automated_send_email> on 2023-12-18 17:36:09.332407+00:00
[2023-12-18T17:36:15.787+0000] {standard_task_runner.py:57} INFO - Started process 146 to run task
[2023-12-18T17:36:15.790+0000] {standard_task_runner.py:84} INFO - Running: ['***', 'tasks', 'run', 'download_dashboard_automated_send_email', 'download_dashboard_automated_send_email', 'manual__2023-12-18T17:36:09.332407+00:00', '--job-id', '245', '--raw', '--subdir', 'DAGS_FOLDER/download_dashboard_automated_send_email.py', '--cfg-path', '/tmp/tmpuo40m24r']
[2023-12-18T17:36:15.791+0000] {standard_task_runner.py:85} INFO - Job 245: Subtask download_dashboard_automated_send_email
[2023-12-18T17:36:15.830+0000] {task_command.py:416} INFO - Running <TaskInstance: download_dashboard_automated_send_email.download_dashboard_automated_send_email manual__2023-12-18T17:36:09.332407+00:00 [running]> on host 0178a73598d5
[2023-12-18T17:36:15.878+0000] {taskinstance.py:1662} INFO - Exporting env vars: AIRFLOW_CTX_DAG_EMAIL='christinelee1114@gmail.com' AIRFLOW_CTX_DAG_OWNER='xin' AIRFLOW_CTX_DAG_ID='download_dashboard_automated_send_email' AIRFLOW_CTX_TASK_ID='download_dashboard_automated_send_email' AIRFLOW_CTX_EXECUTION_DATE='2023-12-18T17:36:09.332407+00:00' AIRFLOW_CTX_TRY_NUMBER='1' AIRFLOW_CTX_DAG_RUN_ID='manual__2023-12-18T17:36:09.332407+00:00'
[2023-12-18T17:36:15.879+0000] {taskinstance.py:1937} ERROR - Task failed with exception
Traceback (most recent call last):
  File "/home/airflow/.local/lib/python3.8/site-packages/airflow/operators/python.py", line 192, in execute
    return_value = self.execute_callable()
  File "/home/airflow/.local/lib/python3.8/site-packages/airflow/operators/python.py", line 209, in execute_callable
    return self.python_callable(*self.op_args, **self.op_kwargs)
  File "/opt/airflow/dags/download_dashboard_automated_send_email.py", line 49, in download_dashboard_automated_send_email
    driver = webdriver.Chrome(executable_path="D:/Airflow-docker/chromedriver.exe",options=chrome_options)
TypeError: __init__() got an unexpected keyword argument 'executable_path'
[2023-12-18T17:36:15.890+0000] {taskinstance.py:1400} INFO - Marking task as FAILED. dag_id=download_dashboard_automated_send_email, task_id=download_dashboard_automated_send_email, execution_date=20231218T173609, start_date=20231218T173615, end_date=20231218T173615
[2023-12-18T17:36:15.899+0000] {standard_task_runner.py:104} ERROR - Failed to execute job 245 for task download_dashboard_automated_send_email (__init__() got an unexpected keyword argument 'executable_path'; 146)
[2023-12-18T17:36:15.923+0000] {local_task_job_runner.py:228} INFO - Task exited with return code 1
[2023-12-18T17:36:15.935+0000] {taskinstance.py:2778} INFO - 0 downstream tasks scheduled from follow-on schedule check
